#-----------------------------------------------------------
# Vivado v2024.2 (64-bit)
# SW Build 5239630 on Fri Nov 08 22:35:27 MST 2024
# IP Build 5239520 on Sun Nov 10 16:12:51 MST 2024
# SharedData Build 5239561 on Fri Nov 08 14:39:27 MST 2024
# Start of session at: Wed Apr  9 14:19:59 2025
# Process ID         : 11084
# Current directory  : C:/Users/C27Charles.Liermann/Documents/ECE281/Labs/ece281-lab4
# Command line       : vivado.exe -gui_launcher_event rodinguilauncherevent15212 C:\Users\C27Charles.Liermann\Documents\ECE281\Labs\ece281-lab4\lab4.xpr
# Log file           : C:/Users/C27Charles.Liermann/Documents/ECE281/Labs/ece281-lab4/vivado.log
# Journal file       : C:/Users/C27Charles.Liermann/Documents/ECE281/Labs/ece281-lab4\vivado.jou
# Running On         : C27-5CG31326RQ
# Platform           : Windows Server 2016 or Windows 10
# Operating System   : 22631
# Processor Detail   : AMD Ryzen 7 PRO 6850U with Radeon Graphics     
# CPU Frequency      : 2695 MHz
# CPU Physical cores : 8
# CPU Logical cores  : 16
# Host memory        : 16442 MB
# Swap memory        : 13958 MB
# Total Virtual      : 30401 MB
# Available Virtual  : 13939 MB
#-----------------------------------------------------------
start_gui
open_project C:/Users/C27Charles.Liermann/Documents/ECE281/Labs/ece281-lab4/lab4.xpr
WARNING: [filemgmt 56-3] Board Part Repository Path: Could not find the directory 'C:/Users/C27Charles.Liermann/Documents/ECE281/AppData/Roaming/Xilinx/Vivado/2024.2/xhub/board_store/xilinx_board_store'.
INFO: [filemgmt 56-3] Default IP Output Path : Could not find the directory 'C:/Users/C27Charles.Liermann/Documents/ECE281/Labs/ece281-lab4/lab4.gen/sources_1'.
WARNING: [filemgmt 56-3] IPUserFilesDir: Could not find the directory 'C:/Users/C27Charles.Liermann/Documents/ECE281/Labs/ece281-lab4/lab4.ip_user_files'.
Scanning sources...
Finished scanning sources
INFO: [IP_Flow 19-234] Refreshing IP repositories
INFO: [IP_Flow 19-1704] No user IP repositories specified
INFO: [IP_Flow 19-2313] Loaded Vivado IP repository 'C:/Xilinx/Vivado/2024.2/data/ip'.
update_compile_order -fileset sources_1
